#
# There is insufficient memory for the Java Runtime Environment to continue.
# Native memory allocation (mmap) failed to map 264241152 bytes for G1 virtual space
# Possible reasons:
#   The system is out of physical RAM or swap space
#   The process is running with CompressedOops enabled, and the Java Heap may be blocking the growth of the native heap
# Possible solutions:
#   Reduce memory load on the system
#   Increase physical memory or swap space
#   Check if swap backing store is full
#   Decrease Java heap size (-Xmx/-Xms)
#   Decrease number of Java threads
#   Decrease Java thread stack sizes (-Xss)
#   Set larger code cache with -XX:ReservedCodeCacheSize=
#   JVM is running with Zero Based Compressed Oops mode in which the Java heap is
#     placed in the first 32GB address space. The Java Heap base address is the
#     maximum limit for the native heap growth. Please use -XX:HeapBaseMinAddress
#     to set the Java Heap base and to place the Java Heap above 32GB virtual address.
# This output file may be truncated or incomplete.
#
#  Out of Memory Error (os_windows.cpp:3548), pid=690748, tid=690868
#
# JRE version:  (17.0.12+8) (build )
# Java VM: Java HotSpot(TM) 64-Bit Server VM (17.0.12+8-LTS-286, mixed mode, emulated-client, sharing, tiered, compressed oops, compressed class ptrs, g1 gc, windows-amd64)
# No core dump will be written. Minidumps are not enabled by default on client versions of Windows
#

---------------  S U M M A R Y ------------

Command Line: -XX:TieredStopAtLevel=1 -Dspring.output.ansi.enabled=always -Dcom.sun.management.jmxremote -Dspring.jmx.enabled=true -Dspring.liveBeansView.mbeanDomain -Dspring.application.admin.enabled=true -Dmanagement.endpoints.jmx.exposure.include=* -javaagent:C:\Program Files\JetBrains\IntelliJ IDEA 2024.2.3\lib\idea_rt.jar=49948:C:\Program Files\JetBrains\IntelliJ IDEA 2024.2.3\bin -Dfile.encoding=UTF-8 org.dogcat.healinghands.HealinghandsApplication

Host: Intel(R) Core(TM) i5-10400 CPU @ 2.90GHz, 12 cores, 15G,  Windows 10 , 64 bit Build 19041 (10.0.19041.4957)
Time: Mon Nov  4 10:34:02 2024  Windows 10 , 64 bit Build 19041 (10.0.19041.4957) elapsed time: 0.062936 seconds (0d 0h 0m 0s)

---------------  T H R E A D  ---------------

Current thread (0x000001587e17a330):  JavaThread "Unknown thread" [_thread_in_vm, id=690868, stack(0x0000000f64a00000,0x0000000f64b00000)]

Stack: [0x0000000f64a00000,0x0000000f64b00000]
Native frames: (J=compiled Java code, j=interpreted, Vv=VM code, C=native code)
V  [jvm.dll+0x67a04a]
V  [jvm.dll+0x7da4ed]
V  [jvm.dll+0x7dbe33]
V  [jvm.dll+0x7dc4a3]
V  [jvm.dll+0x24508f]
V  [jvm.dll+0x677089]
V  [jvm.dll+0x66bd32]
V  [jvm.dll+0x301fa6]
V  [jvm.dll+0x309546]
V  [jvm.dll+0x359d2e]
V  [jvm.dll+0x359f5f]
V  [jvm.dll+0x2d9078]
V  [jvm.dll+0x2d9fe4]
V  [jvm.dll+0x7aca21]
V  [jvm.dll+0x367591]
V  [jvm.dll+0x78b999]
V  [jvm.dll+0x3ec83f]
V  [jvm.dll+0x3ee471]
C  [jli.dll+0x5297]
C  [ucrtbase.dll+0x21bb2]
C  [KERNEL32.DLL+0x17374]
C  [ntdll.dll+0x4cc91]


---------------  P R O C E S S  ---------------

Threads class SMR info:
_java_thread_list=0x00007ff880e97a18, length=0, elements={
}

Java Threads: ( => current thread )

Other Threads:
  0x000001587e1e3570 GCTaskThread "GC Thread#0" [stack: 0x0000000f64b00000,0x0000000f64c00000] [id=688784]
  0x000001587e1f4720 ConcurrentGCThread "G1 Main Marker" [stack: 0x0000000f64c00000,0x0000000f64d00000] [id=677524]
  0x000001587e1f6540 ConcurrentGCThread "G1 Conc#0" [stack: 0x0000000f64d00000,0x0000000f64e00000] [id=690624]

[error occurred during error reporting (printing all threads), id 0xc0000005, EXCEPTION_ACCESS_VIOLATION (0xc0000005) at pc=0x00007ff8806c9b67]

VM state: not at safepoint (not fully initialized)

VM Mutex/Monitor currently owned by a thread:  ([mutex/lock_event])
[0x000001587e175250] Heap_lock - owner thread: 0x000001587e17a330

Heap address: 0x0000000705400000, size: 4012 MB, Compressed Oops mode: Zero based, Oop shift amount: 3

CDS archive(s) mapped at: [0x0000000000000000-0x0000000000000000-0x0000000000000000), size 0, SharedBaseAddress: 0x0000000800000000, ArchiveRelocationMode: 1.
Narrow klass base: 0x0000000000000000, Narrow klass shift: 0, Narrow klass range: 0x0

GC Precious Log:
<Empty>

Heap:
 garbage-first heap   total 0K, used 0K [0x0000000705400000, 0x0000000800000000)
  region size 2048K, 0 young (0K), 0 survivors (0K)

[error occurred during error reporting (printing heap information), id 0xc0000005, EXCEPTION_ACCESS_VIOLATION (0xc0000005) at pc=0x00007ff880ab3859]

GC Heap History (0 events):
No events

Deoptimization events (0 events):
No events

Classes unloaded (0 events):
No events

Classes redefined (0 events):
No events

Internal exceptions (0 events):
No events

VM Operations (0 events):
No events

Events (1 events):
Event: 0.037 Loaded shared library C:\Program Files\Java\jdk-17\bin\java.dll


Dynamic libraries:
0x00007ff6cf5e0000 - 0x00007ff6cf5f0000 	C:\Program Files\Java\jdk-17\bin\java.exe
0x00007ff8c5db0000 - 0x00007ff8c5fa8000 	C:\WINDOWS\SYSTEM32\ntdll.dll
0x00007ff8c5440000 - 0x00007ff8c5502000 	C:\WINDOWS\System32\KERNEL32.DLL
0x00007ff8c36f0000 - 0x00007ff8c39ee000 	C:\WINDOWS\System32\KERNELBASE.dll
0x00007ff8c39f0000 - 0x00007ff8c3af0000 	C:\WINDOWS\System32\ucrtbase.dll
0x00007ff8afe50000 - 0x00007ff8afe69000 	C:\Program Files\Java\jdk-17\bin\jli.dll
0x00007ff8c4860000 - 0x00007ff8c4912000 	C:\WINDOWS\System32\ADVAPI32.dll
0x00007ff8c4b90000 - 0x00007ff8c4c2e000 	C:\WINDOWS\System32\msvcrt.dll
0x00007ff8c53a0000 - 0x00007ff8c5440000 	C:\WINDOWS\System32\sechost.dll
0x00007ff8c5c40000 - 0x00007ff8c5d63000 	C:\WINDOWS\System32\RPCRT4.dll
0x00007ff8b3b80000 - 0x00007ff8b3b9b000 	C:\Program Files\Java\jdk-17\bin\VCRUNTIME140.dll
0x00007ff8c3bf0000 - 0x00007ff8c3c17000 	C:\WINDOWS\System32\bcrypt.dll
0x00007ff8c4920000 - 0x00007ff8c4abd000 	C:\WINDOWS\System32\USER32.dll
0x00007ff8a3790000 - 0x00007ff8a3a2a000 	C:\WINDOWS\WinSxS\amd64_microsoft.windows.common-controls_6595b64144ccf1df_6.0.19041.4355_none_60b8b9eb71f62e16\COMCTL32.dll
0x00007ff8c36c0000 - 0x00007ff8c36e2000 	C:\WINDOWS\System32\win32u.dll
0x00007ff8c4130000 - 0x00007ff8c415b000 	C:\WINDOWS\System32\GDI32.dll
0x00007ff8c35a0000 - 0x00007ff8c36b7000 	C:\WINDOWS\System32\gdi32full.dll
0x00007ff8c3500000 - 0x00007ff8c359d000 	C:\WINDOWS\System32\msvcp_win.dll
0x00007ff8bd5a0000 - 0x00007ff8bd5aa000 	C:\WINDOWS\SYSTEM32\VERSION.dll
0x00007ff8c5990000 - 0x00007ff8c59bf000 	C:\WINDOWS\System32\IMM32.DLL
0x00007ff8b5200000 - 0x00007ff8b520c000 	C:\Program Files\Java\jdk-17\bin\vcruntime140_1.dll
0x00007ff890a90000 - 0x00007ff890b1e000 	C:\Program Files\Java\jdk-17\bin\msvcp140.dll
0x00007ff8803e0000 - 0x00007ff880fc0000 	C:\Program Files\Java\jdk-17\bin\server\jvm.dll
0x00007ff8af810000 - 0x00007ff8af837000 	C:\WINDOWS\SYSTEM32\WINMM.dll
0x00007ff8c5710000 - 0x00007ff8c5718000 	C:\WINDOWS\System32\PSAPI.DLL
0x00007ff8aad90000 - 0x00007ff8aad99000 	C:\WINDOWS\SYSTEM32\WSOCK32.dll
0x00007ff8c5a20000 - 0x00007ff8c5a8b000 	C:\WINDOWS\System32\ws2_32.DLL
0x00007ff8c12f0000 - 0x00007ff8c1302000 	C:\WINDOWS\SYSTEM32\kernel.appcore.dll
0x00007ff8b3a50000 - 0x00007ff8b3a5a000 	C:\Program Files\Java\jdk-17\bin\jimage.dll
0x00007ff8a9d40000 - 0x00007ff8a9f24000 	C:\WINDOWS\SYSTEM32\DBGHELP.DLL
0x00007ff8a9c40000 - 0x00007ff8a9c74000 	C:\WINDOWS\SYSTEM32\dbgcore.DLL
0x00007ff8c3af0000 - 0x00007ff8c3b72000 	C:\WINDOWS\System32\bcryptPrimitives.dll
0x00007ff8b2290000 - 0x00007ff8b229e000 	C:\Program Files\Java\jdk-17\bin\instrument.dll
0x00007ff894ec0000 - 0x00007ff894ee5000 	C:\Program Files\Java\jdk-17\bin\java.dll

dbghelp: loaded successfully - version: 4.0.5 - missing functions: none
symbol engine: initialized successfully - sym options: 0x614 - pdb path: .;C:\Program Files\Java\jdk-17\bin;C:\WINDOWS\SYSTEM32;C:\WINDOWS\WinSxS\amd64_microsoft.windows.common-controls_6595b64144ccf1df_6.0.19041.4355_none_60b8b9eb71f62e16;C:\Program Files\Java\jdk-17\bin\server

VM Arguments:
jvm_args: -XX:TieredStopAtLevel=1 -Dspring.output.ansi.enabled=always -Dcom.sun.management.jmxremote -Dspring.jmx.enabled=true -Dspring.liveBeansView.mbeanDomain -Dspring.application.admin.enabled=true -Dmanagement.endpoints.jmx.exposure.include=* -javaagent:C:\Program Files\JetBrains\IntelliJ IDEA 2024.2.3\lib\idea_rt.jar=49948:C:\Program Files\JetBrains\IntelliJ IDEA 2024.2.3\bin -Dfile.encoding=UTF-8 
java_command: org.dogcat.healinghands.HealinghandsApplication
java_class_path (initial): C:\Users\mit\Desktop\GITHUB\b-portfolio\Healinghands\build\classes\java\main;C:\Users\mit\Desktop\GITHUB\b-portfolio\Healinghands\build\resources\main;C:\Users\mit\.gradle\caches\modules-2\files-2.1\org.projectlombok\lombok\1.18.34\ec547ef414ab1d2c040118fb9c1c265ada63af14\lombok-1.18.34.jar;C:\Users\mit\.gradle\caches\modules-2\files-2.1\org.springframework.boot\spring-boot-starter-data-jpa\3.3.4\60df2a5bea8752fb215f3c8e1dffeb3554773a49\spring-boot-starter-data-jpa-3.3.4.jar;C:\Users\mit\.gradle\caches\modules-2\files-2.1\org.springframework.boot\spring-boot-starter-thymeleaf\3.3.4\29c4b1acf955b350bf7d8fd201798d30647fb89e\spring-boot-starter-thymeleaf-3.3.4.jar;C:\Users\mit\.gradle\caches\modules-2\files-2.1\org.springframework.boot\spring-boot-starter-web\3.3.4\b43a9fd107611337777b47dc7518e2aca59e58eb\spring-boot-starter-web-3.3.4.jar;C:\Users\mit\.gradle\caches\modules-2\files-2.1\org.modelmapper\modelmapper\3.1.0\a3727e6b449dfc9d9052d48185d1eeb029faaf12\modelmapper-3.1.0.jar;C:\Users\mit\.gradle\caches\modules-2\files-2.1\org.springframework.boot\spring-boot-starter-security\3.3.4\58e8b8decf2116c2e3422368d8f1ebd5bdff117\spring-boot-starter-security-3.3.4.jar;C:\Users\mit\.gradle\caches\modules-2\files-2.1\org.springframework.security\spring-security-core\6.3.3\2bf159e3db212d61408a2f728d6d7252dfaf4710\spring-security-core-6.3.3.jar;C:\Users\mit\.gradle\caches\modules-2\files-2.1\org.thymeleaf.extras\thymeleaf-extras-springsecurity5\3.0.4.RELEASE\88bb10bf73ce285208dd848e8eb17f897ebb02d4\thymeleaf-extras-springsecurity5-3.0.4.RELEASE.jar;C:\Users\mit\.gradle\caches\modules-2\files-2.1\org.mariadb.jdbc\mariadb-java-client\2.7.4\6d6ea84c870837afa63f5f55efde211a84cf2897\mariadb-java-client-2.7.4.jar;C:\Users\mit\.gradle\caches\modules-2\files-2.1\org.springframework.boot\spring-boot-starter-aop\3.3.4\4e0fef42facab9dbdbc7784dc4fb7698bf1c6b49\spring-boot-starter-aop-3.3.4.jar;C:\Users\mit\.gradle\caches\modules-2\files-2.1\org.springframework
Launcher Type: SUN_STANDARD

[Global flags]
     intx CICompilerCount                          = 4                                         {product} {ergonomic}
     uint ConcGCThreads                            = 3                                         {product} {ergonomic}
     uint G1ConcRefinementThreads                  = 10                                        {product} {ergonomic}
   size_t G1HeapRegionSize                         = 2097152                                   {product} {ergonomic}
    uintx GCDrainStackTargetSize                   = 64                                        {product} {ergonomic}
   size_t InitialHeapSize                          = 264241152                                 {product} {ergonomic}
     bool ManagementServer                         = true                                      {product} {command line}
   size_t MarkStackSize                            = 4194304                                   {product} {ergonomic}
   size_t MaxHeapSize                              = 4206886912                                {product} {ergonomic}
   size_t MinHeapDeltaBytes                        = 2097152                                   {product} {ergonomic}
   size_t MinHeapSize                              = 8388608                                   {product} {ergonomic}
    uintx NonProfiledCodeHeapSize                  = 0                                      {pd product} {ergonomic}
     bool ProfileInterpreter                       = false                                  {pd product} {command line}
    uintx ProfiledCodeHeapSize                     = 0                                      {pd product} {ergonomic}
   size_t SoftMaxHeapSize                          = 4206886912                             {manageable} {ergonomic}
     intx TieredStopAtLevel                        = 1                                         {product} {command line}
     bool UseCompressedClassPointers               = true                           {product lp64_product} {ergonomic}
     bool UseCompressedOops                        = true                           {product lp64_product} {ergonomic}
     bool UseG1GC                                  = true                                      {product} {ergonomic}
     bool UseLargePagesIndividualAllocation        = false                                  {pd product} {ergonomic}

Logging:
Log output configuration:
 #0: stdout all=warning uptime,level,tags
 #1: stderr all=off uptime,level,tags

Environment Variables:
JAVA_HOME=C:\Program Files\Java\jdk-17
PATH=C:\app\mit\product\21c\dbhomeXE\bin;C:\Program Files\Java\jdk-17\bin;C:\Program Files\MariaDB 10.11\bin;C:\Program Files\Common Files\Oracle\Java\javapath;C:\WINDOWS\system32;C:\WINDOWS;C:\WINDOWS\System32\Wbem;C:\WINDOWS\System32\WindowsPowerShell\v1.0\;C:\WINDOWS\System32\OpenSSH\;C:\Program Files\Git\cmd;C:\Program Files\Bandizip\;C:\Users\mit\miniconda3;C:\Users\mit\miniconda3\Library\mingw-w64\bin;C:\Users\mit\miniconda3\Library\usr\bin;C:\Users\mit\miniconda3\Library\bin;C:\Users\mit\miniconda3\Scripts;C:\Users\mit\AppData\Local\Microsoft\WindowsApps;C:\Users\mit\AppData\Local\Programs\Microsoft VS Code\bin;C:\Users\mit\AppData\Local\GitHubDesktop\bin
USERNAME=mit
OS=Windows_NT
PROCESSOR_IDENTIFIER=Intel64 Family 6 Model 165 Stepping 5, GenuineIntel



---------------  S Y S T E M  ---------------

OS:
 Windows 10 , 64 bit Build 19041 (10.0.19041.4957)
OS uptime: 16 days 20:44 hours

CPU: total 12 (initial active 12) (6 cores per cpu, 2 threads per core) family 6 model 165 stepping 5 microcode 0xca, cx8, cmov, fxsr, ht, mmx, 3dnowpref, sse, sse2, sse3, ssse3, sse4.1, sse4.2, popcnt, lzcnt, tsc, tscinvbit, avx, avx2, aes, erms, clmul, bmi1, bmi2, adx, fma, vzeroupper, clflush, clflushopt

Memory: 4k page, system-wide physical 16046M (15M free)
TotalPageFile size 65198M (AvailPageFile size 21M)
current process WorkingSet (physical memory assigned to process): 10M, peak: 10M
current process commit charge ("private bytes"): 59M, peak: 311M

vm_info: Java HotSpot(TM) 64-Bit Server VM (17.0.12+8-LTS-286) for windows-amd64 JRE (17.0.12+8-LTS-286), built on Jun  5 2024 06:46:59 by "mach5one" with MS VC++ 17.6 (VS2022)

END.
